2024-12-02T00:20:15.955-05:00 DEBUG 26300 --- [TransactionMS] [main] s.w.r.r.m.a.RequestMappingHandlerMapping : 4 mappings in 'requestMappingHandlerMapping'
2024-12-02T00:20:15.972-05:00 DEBUG 26300 --- [TransactionMS] [main] o.s.w.r.handler.SimpleUrlHandlerMapping  : Patterns [/webjars/**, /**] in 'resourceHandlerMapping'
2024-12-02T00:20:16.002-05:00 DEBUG 26300 --- [TransactionMS] [main] o.s.w.r.r.m.a.ControllerMethodResolver   : ControllerAdvice beans: 0 @ModelAttribute, 0 @InitBinder, 1 @ExceptionHandler
2024-12-02T00:20:16.023-05:00 DEBUG 26300 --- [TransactionMS] [main] o.s.w.s.adapter.HttpWebHandlerAdapter    : enableLoggingRequestDetails='false': form data and headers will be masked to prevent unsafe logging of potentially sensitive data
2024-12-02T00:22:01.021-05:00 DEBUG 26300 --- [TransactionMS] [reactor-http-nio-3] o.s.w.s.adapter.HttpWebHandlerAdapter    : [094c416f-1] HTTP POST "/transactions/deposit"
2024-12-02T00:22:01.036-05:00 DEBUG 26300 --- [TransactionMS] [reactor-http-nio-3] s.w.r.r.m.a.RequestMappingHandlerMapping : [094c416f-1] Mapped to com.corebank.TransactionMS.controller.TransactionController#registerDeposit(DepositRequestDTO)
2024-12-02T00:22:01.047-05:00 DEBUG 26300 --- [TransactionMS] [reactor-http-nio-3] .r.m.a.RequestBodyMethodArgumentResolver : [094c416f-1] Content-Type:application/json
2024-12-02T00:22:01.078-05:00 DEBUG 26300 --- [TransactionMS] [reactor-http-nio-3] .r.m.a.RequestBodyMethodArgumentResolver : [094c416f-1] 0..1 [com.corebank.TransactionMS.dto.DepositRequestDTO]
2024-12-02T00:22:01.103-05:00 DEBUG 26300 --- [TransactionMS] [reactor-http-nio-3] org.springframework.web.HttpLogging      : [094c416f-1] Decoded [com.corebank.TransactionMS.dto.DepositRequestDTO@4ac0a74b]
2024-12-02T00:22:02.354-05:00 DEBUG 26300 --- [TransactionMS] [nioEventLoopGroup-3-7] .s.w.r.r.m.a.ResponseEntityResultHandler : [094c416f-1] Using 'application/json' given [*/*] and supported [application/json, application/*+json, application/x-ndjson, text/event-stream]
2024-12-02T00:22:02.355-05:00 DEBUG 26300 --- [TransactionMS] [nioEventLoopGroup-3-7] .s.w.r.r.m.a.ResponseEntityResultHandler : [094c416f-1] 0..1 [com.corebank.TransactionMS.model.Transaction]
2024-12-02T00:22:02.362-05:00 DEBUG 26300 --- [TransactionMS] [nioEventLoopGroup-3-7] org.springframework.web.HttpLogging      : [094c416f-1] Encoding [Transaction(id=674d43fa881c184bed4473f4, type=deposit, amount=50.0, date=2024-12-02T00:22:02.2124053 (truncated)...]
2024-12-02T00:22:02.372-05:00 DEBUG 26300 --- [TransactionMS] [nioEventLoopGroup-3-7] o.s.w.s.adapter.HttpWebHandlerAdapter    : [094c416f-1] Completed 200 OK
2024-12-02T00:22:06.046-05:00 DEBUG 26300 --- [TransactionMS] [reactor-http-nio-3] o.s.w.s.adapter.HttpWebHandlerAdapter    : [094c416f-2] HTTP GET "/transactions/history"
2024-12-02T00:22:06.047-05:00 DEBUG 26300 --- [TransactionMS] [reactor-http-nio-3] s.w.r.r.m.a.RequestMappingHandlerMapping : [094c416f-2] Mapped to com.corebank.TransactionMS.controller.TransactionController#viewTransactions(Map)
2024-12-02T00:22:06.050-05:00 DEBUG 26300 --- [TransactionMS] [reactor-http-nio-3] o.s.w.r.r.m.a.ResponseBodyResultHandler  : [094c416f-2] Using 'application/json' given [*/*] and supported [application/json, application/*+json, application/x-ndjson, text/event-stream]
2024-12-02T00:22:06.050-05:00 DEBUG 26300 --- [TransactionMS] [reactor-http-nio-3] o.s.w.r.r.m.a.ResponseBodyResultHandler  : [094c416f-2] 0..N [com.corebank.TransactionMS.model.Transaction]
2024-12-02T00:22:06.180-05:00 DEBUG 26300 --- [TransactionMS] [nioEventLoopGroup-3-7] org.springframework.web.HttpLogging      : [094c416f-2] Encoding [Transaction(id=673c101327615d653eb1c01f, type=deposito, amount=100.0, date=2024-11-18T23:12:03.232,  (truncated)...]
2024-12-02T00:22:06.187-05:00 DEBUG 26300 --- [TransactionMS] [reactor-http-nio-3] org.springframework.web.HttpLogging      : [094c416f-2] Encoding [Transaction(id=673c104127615d653eb1c020, type=deposito, amount=1000.0, date=2024-11-18T23:12:49.121, (truncated)...]
2024-12-02T00:22:06.187-05:00 DEBUG 26300 --- [TransactionMS] [reactor-http-nio-3] org.springframework.web.HttpLogging      : [094c416f-2] Encoding [Transaction(id=673c10a527615d653eb1c021, type=retiro, amount=50.0, date=2024-11-18T23:14:29.885, sou (truncated)...]
2024-12-02T00:22:06.187-05:00 DEBUG 26300 --- [TransactionMS] [reactor-http-nio-3] org.springframework.web.HttpLogging      : [094c416f-2] Encoding [Transaction(id=673c110b27615d653eb1c022, type=transferencia, amount=100.0, date=2024-11-18T23:16:11. (truncated)...]
2024-12-02T00:22:06.187-05:00 DEBUG 26300 --- [TransactionMS] [reactor-http-nio-3] org.springframework.web.HttpLogging      : [094c416f-2] Encoding [Transaction(id=673c21c1e553261bb8f30019, type=deposito, amount=500.0, date=2024-11-19T00:27:29.895,  (truncated)...]
2024-12-02T00:22:06.188-05:00 DEBUG 26300 --- [TransactionMS] [reactor-http-nio-3] org.springframework.web.HttpLogging      : [094c416f-2] Encoding [Transaction(id=673c21cfe553261bb8f3001a, type=deposito, amount=500.0, date=2024-11-19T00:27:43.092,  (truncated)...]
2024-12-02T00:22:06.188-05:00 DEBUG 26300 --- [TransactionMS] [reactor-http-nio-3] org.springframework.web.HttpLogging      : [094c416f-2] Encoding [Transaction(id=673c21e0e553261bb8f3001b, type=deposito, amount=500.0, date=2024-11-19T00:28:00.016,  (truncated)...]
2024-12-02T00:22:06.188-05:00 DEBUG 26300 --- [TransactionMS] [reactor-http-nio-3] org.springframework.web.HttpLogging      : [094c416f-2] Encoding [Transaction(id=673c238de553261bb8f3001c, type=retiro, amount=500.0, date=2024-11-19T00:35:09.467, so (truncated)...]
2024-12-02T00:22:06.189-05:00 DEBUG 26300 --- [TransactionMS] [reactor-http-nio-3] org.springframework.web.HttpLogging      : [094c416f-2] Encoding [Transaction(id=673c239fe553261bb8f3001d, type=retiro, amount=500.0, date=2024-11-19T00:35:27.521, so (truncated)...]
2024-12-02T00:22:06.189-05:00 DEBUG 26300 --- [TransactionMS] [reactor-http-nio-3] org.springframework.web.HttpLogging      : [094c416f-2] Encoding [Transaction(id=673c24bf55f4627c28e0b1eb, type=transferencia, amount=200.0, date=2024-11-19T00:40:15. (truncated)...]
2024-12-02T00:22:06.189-05:00 DEBUG 26300 --- [TransactionMS] [reactor-http-nio-3] org.springframework.web.HttpLogging      : [094c416f-2] Encoding [Transaction(id=673c3336f6314759f581a596, type=retiro, amount=50.0, date=2024-11-19T01:41:57.998, sou (truncated)...]
2024-12-02T00:22:06.189-05:00 DEBUG 26300 --- [TransactionMS] [reactor-http-nio-3] org.springframework.web.HttpLogging      : [094c416f-2] Encoding [Transaction(id=673c3e483753f30b2b59e802, type=transferencia, amount=200.0, date=2024-11-19T02:29:12. (truncated)...]
2024-12-02T00:22:06.190-05:00 DEBUG 26300 --- [TransactionMS] [reactor-http-nio-3] org.springframework.web.HttpLogging      : [094c416f-2] Encoding [Transaction(id=673c3eb13753f30b2b59e803, type=transferencia, amount=200.0, date=2024-11-19T02:30:57. (truncated)...]
2024-12-02T00:22:06.190-05:00 DEBUG 26300 --- [TransactionMS] [reactor-http-nio-3] org.springframework.web.HttpLogging      : [094c416f-2] Encoding [Transaction(id=673c475ca7304758297429d4, type=transferencia, amount=200.0, date=2024-11-19T03:07:56. (truncated)...]
2024-12-02T00:22:06.190-05:00 DEBUG 26300 --- [TransactionMS] [reactor-http-nio-3] org.springframework.web.HttpLogging      : [094c416f-2] Encoding [Transaction(id=673d83e6ae7b3e7b2aac4b27, type=transferencia, amount=200.0, date=2024-11-20T01:38:30. (truncated)...]
2024-12-02T00:22:06.192-05:00 DEBUG 26300 --- [TransactionMS] [reactor-http-nio-3] org.springframework.web.HttpLogging      : [094c416f-2] Encoding [Transaction(id=673d897d5dd12f11f9e5679a, type=transferencia, amount=10.0, date=2024-11-20T02:02:21.1 (truncated)...]
2024-12-02T00:22:06.192-05:00 DEBUG 26300 --- [TransactionMS] [reactor-http-nio-3] org.springframework.web.HttpLogging      : [094c416f-2] Encoding [Transaction(id=673d897f5dd12f11f9e5679b, type=transferencia, amount=10.0, date=2024-11-20T02:02:23.2 (truncated)...]
2024-12-02T00:22:06.193-05:00 DEBUG 26300 --- [TransactionMS] [reactor-http-nio-3] org.springframework.web.HttpLogging      : [094c416f-2] Encoding [Transaction(id=673d8ccd2d747618bdc7ae00, type=transferencia, amount=200.0, date=2024-11-20T02:16:29. (truncated)...]
2024-12-02T00:22:06.193-05:00 DEBUG 26300 --- [TransactionMS] [reactor-http-nio-3] org.springframework.web.HttpLogging      : [094c416f-2] Encoding [Transaction(id=673d8da953e5c075ede08e23, type=deposito, amount=500.0, date=2024-11-20T02:20:09.796,  (truncated)...]
2024-12-02T00:22:06.193-05:00 DEBUG 26300 --- [TransactionMS] [reactor-http-nio-3] org.springframework.web.HttpLogging      : [094c416f-2] Encoding [Transaction(id=673d903f4bd0de43b86c47b7, type=deposito, amount=500.0, date=2024-11-20T02:31:11.164,  (truncated)...]
2024-12-02T00:22:06.193-05:00 DEBUG 26300 --- [TransactionMS] [reactor-http-nio-3] org.springframework.web.HttpLogging      : [094c416f-2] Encoding [Transaction(id=673d90834bd0de43b86c47b8, type=deposito, amount=500.0, date=2024-11-20T02:32:19.221,  (truncated)...]
2024-12-02T00:22:06.194-05:00 DEBUG 26300 --- [TransactionMS] [reactor-http-nio-3] org.springframework.web.HttpLogging      : [094c416f-2] Encoding [Transaction(id=673d93414bd0de43b86c47b9, type=deposito, amount=500.0, date=2024-11-20T02:44:01.825,  (truncated)...]
2024-12-02T00:22:06.194-05:00 DEBUG 26300 --- [TransactionMS] [reactor-http-nio-3] org.springframework.web.HttpLogging      : [094c416f-2] Encoding [Transaction(id=673d93a44bd0de43b86c47ba, type=deposito, amount=500000.0, date=2024-11-20T02:45:40.09 (truncated)...]
2024-12-02T00:22:06.194-05:00 DEBUG 26300 --- [TransactionMS] [reactor-http-nio-3] org.springframework.web.HttpLogging      : [094c416f-2] Encoding [Transaction(id=673d93e44bd0de43b86c47bb, type=deposito, amount=500000.0, date=2024-11-20T02:46:44.76 (truncated)...]
2024-12-02T00:22:06.194-05:00 DEBUG 26300 --- [TransactionMS] [reactor-http-nio-3] org.springframework.web.HttpLogging      : [094c416f-2] Encoding [Transaction(id=673d9456a30b653287a08928, type=deposito, amount=500000.0, date=2024-11-20T02:48:38.64 (truncated)...]
2024-12-02T00:22:06.195-05:00 DEBUG 26300 --- [TransactionMS] [reactor-http-nio-3] org.springframework.web.HttpLogging      : [094c416f-2] Encoding [Transaction(id=673d9523a30b653287a08929, type=deposito, amount=500.0, date=2024-11-20T02:52:03.782,  (truncated)...]
2024-12-02T00:22:06.195-05:00 DEBUG 26300 --- [TransactionMS] [reactor-http-nio-3] org.springframework.web.HttpLogging      : [094c416f-2] Encoding [Transaction(id=673d9595de00da76da18eb55, type=retiro, amount=500.0, date=2024-11-20T02:53:57.250, so (truncated)...]
2024-12-02T00:22:06.195-05:00 DEBUG 26300 --- [TransactionMS] [reactor-http-nio-3] org.springframework.web.HttpLogging      : [094c416f-2] Encoding [Transaction(id=673d96255ef9761dc209a076, type=retiro, amount=500000.0, date=2024-11-20T02:56:21.728, (truncated)...]
2024-12-02T00:22:06.195-05:00 DEBUG 26300 --- [TransactionMS] [reactor-http-nio-3] org.springframework.web.HttpLogging      : [094c416f-2] Encoding [Transaction(id=673d96b05ef9761dc209a077, type=retiro, amount=1002398.1000000001, date=2024-11-20T02: (truncated)...]
2024-12-02T00:22:06.195-05:00 DEBUG 26300 --- [TransactionMS] [reactor-http-nio-3] org.springframework.web.HttpLogging      : [094c416f-2] Encoding [Transaction(id=673d96f45ef9761dc209a078, type=deposito, amount=500.0, date=2024-11-20T02:59:48.742,  (truncated)...]
2024-12-02T00:22:06.196-05:00 DEBUG 26300 --- [TransactionMS] [reactor-http-nio-3] org.springframework.web.HttpLogging      : [094c416f-2] Encoding [Transaction(id=673d96f55ef9761dc209a079, type=deposito, amount=500.0, date=2024-11-20T02:59:49.998,  (truncated)...]
2024-12-02T00:22:06.196-05:00 DEBUG 26300 --- [TransactionMS] [reactor-http-nio-3] org.springframework.web.HttpLogging      : [094c416f-2] Encoding [Transaction(id=673d96f95ef9761dc209a07a, type=deposito, amount=5000.0, date=2024-11-20T02:59:53.104, (truncated)...]
2024-12-02T00:22:06.196-05:00 DEBUG 26300 --- [TransactionMS] [reactor-http-nio-3] org.springframework.web.HttpLogging      : [094c416f-2] Encoding [Transaction(id=673d99535ef9761dc209a07b, type=transferencia, amount=200.0, date=2024-11-20T03:09:55. (truncated)...]
2024-12-02T00:22:06.196-05:00 DEBUG 26300 --- [TransactionMS] [reactor-http-nio-3] org.springframework.web.HttpLogging      : [094c416f-2] Encoding [Transaction(id=673da179b5ed5922bae1a576, type=deposito, amount=5000.0, date=2024-11-20T03:44:41.144, (truncated)...]
2024-12-02T00:22:06.197-05:00 DEBUG 26300 --- [TransactionMS] [reactor-http-nio-3] org.springframework.web.HttpLogging      : [094c416f-2] Encoding [Transaction(id=673da198b5ed5922bae1a577, type=transferencia, amount=200.0, date=2024-11-20T03:45:12. (truncated)...]
2024-12-02T00:22:06.197-05:00 DEBUG 26300 --- [TransactionMS] [reactor-http-nio-3] org.springframework.web.HttpLogging      : [094c416f-2] Encoding [Transaction(id=674caea699c5951134bef90f, type=transferencia, amount=200.0, date=2024-12-01T13:44:54. (truncated)...]
2024-12-02T00:22:06.197-05:00 DEBUG 26300 --- [TransactionMS] [reactor-http-nio-3] org.springframework.web.HttpLogging      : [094c416f-2] Encoding [Transaction(id=674caecf99c5951134bef910, type=deposito, amount=5000.0, date=2024-12-01T13:45:35.901, (truncated)...]
2024-12-02T00:22:06.197-05:00 DEBUG 26300 --- [TransactionMS] [reactor-http-nio-3] org.springframework.web.HttpLogging      : [094c416f-2] Encoding [Transaction(id=674caf2699c5951134bef911, type=retiro, amount=500.0, date=2024-12-01T13:47:02.831, so (truncated)...]
2024-12-02T00:22:06.198-05:00 DEBUG 26300 --- [TransactionMS] [reactor-http-nio-3] org.springframework.web.HttpLogging      : [094c416f-2] Encoding [Transaction(id=674cb2cd99c5951134bef912, type=deposito, amount=5000.0, date=2024-12-01T14:02:37.146, (truncated)...]
2024-12-02T00:22:06.198-05:00 DEBUG 26300 --- [TransactionMS] [reactor-http-nio-3] org.springframework.web.HttpLogging      : [094c416f-2] Encoding [Transaction(id=674d05334b13db7df4c25ee9, type=deposito, amount=5000.0, date=2024-12-01T19:54:11.440, (truncated)...]
2024-12-02T00:22:06.198-05:00 DEBUG 26300 --- [TransactionMS] [reactor-http-nio-3] org.springframework.web.HttpLogging      : [094c416f-2] Encoding [Transaction(id=674d070665d7067f071c1db7, type=deposito, amount=5000.0, date=2024-12-01T20:01:58.034, (truncated)...]
2024-12-02T00:22:06.198-05:00 DEBUG 26300 --- [TransactionMS] [reactor-http-nio-3] org.springframework.web.HttpLogging      : [094c416f-2] Encoding [Transaction(id=674d070f65d7067f071c1db8, type=deposito, amount=5000.0, date=2024-12-01T20:02:07.082, (truncated)...]
2024-12-02T00:22:06.199-05:00 DEBUG 26300 --- [TransactionMS] [reactor-http-nio-3] org.springframework.web.HttpLogging      : [094c416f-2] Encoding [Transaction(id=674d071c65d7067f071c1db9, type=deposito, amount=5000.0, date=2024-12-01T20:02:20.278, (truncated)...]
2024-12-02T00:22:06.199-05:00 DEBUG 26300 --- [TransactionMS] [reactor-http-nio-3] org.springframework.web.HttpLogging      : [094c416f-2] Encoding [Transaction(id=674d076065d7067f071c1dba, type=deposito, amount=500.0, date=2024-12-01T20:03:28.054,  (truncated)...]
2024-12-02T00:22:06.200-05:00 DEBUG 26300 --- [TransactionMS] [reactor-http-nio-3] org.springframework.web.HttpLogging      : [094c416f-2] Encoding [Transaction(id=674d077a65d7067f071c1dbb, type=retiro, amount=500.0, date=2024-12-01T20:03:54.065, so (truncated)...]
2024-12-02T00:22:06.200-05:00 DEBUG 26300 --- [TransactionMS] [reactor-http-nio-3] org.springframework.web.HttpLogging      : [094c416f-2] Encoding [Transaction(id=674d078165d7067f071c1dbc, type=deposito, amount=500.0, date=2024-12-01T20:04:01.447,  (truncated)...]
2024-12-02T00:22:06.201-05:00 DEBUG 26300 --- [TransactionMS] [reactor-http-nio-3] org.springframework.web.HttpLogging      : [094c416f-2] Encoding [Transaction(id=674d078f65d7067f071c1dbd, type=deposito, amount=500.0, date=2024-12-01T20:04:15.571,  (truncated)...]
2024-12-02T00:22:06.201-05:00 DEBUG 26300 --- [TransactionMS] [reactor-http-nio-3] org.springframework.web.HttpLogging      : [094c416f-2] Encoding [Transaction(id=674d079f65d7067f071c1dbe, type=deposito, amount=500.0, date=2024-12-01T20:04:31.810,  (truncated)...]
2024-12-02T00:22:06.202-05:00 DEBUG 26300 --- [TransactionMS] [reactor-http-nio-3] org.springframework.web.HttpLogging      : [094c416f-2] Encoding [Transaction(id=674d07b165d7067f071c1dbf, type=deposito, amount=500.0, date=2024-12-01T20:04:49.720,  (truncated)...]
2024-12-02T00:22:06.202-05:00 DEBUG 26300 --- [TransactionMS] [reactor-http-nio-3] org.springframework.web.HttpLogging      : [094c416f-2] Encoding [Transaction(id=674d07b965d7067f071c1dc0, type=deposito, amount=200.0, date=2024-12-01T20:04:57.824,  (truncated)...]
2024-12-02T00:22:06.202-05:00 DEBUG 26300 --- [TransactionMS] [reactor-http-nio-3] org.springframework.web.HttpLogging      : [094c416f-2] Encoding [Transaction(id=674d07d365d7067f071c1dc1, type=deposito, amount=200.0, date=2024-12-01T20:05:23.183,  (truncated)...]
2024-12-02T00:22:06.203-05:00 DEBUG 26300 --- [TransactionMS] [reactor-http-nio-3] org.springframework.web.HttpLogging      : [094c416f-2] Encoding [Transaction(id=674d07f465d7067f071c1dc2, type=deposito, amount=100.0, date=2024-12-01T20:05:56.258,  (truncated)...]
2024-12-02T00:22:06.203-05:00 DEBUG 26300 --- [TransactionMS] [reactor-http-nio-3] org.springframework.web.HttpLogging      : [094c416f-2] Encoding [Transaction(id=674d08d4c2922274934cbdcb, type=retiro, amount=500.0, date=2024-12-01T20:09:40.879, so (truncated)...]
2024-12-02T00:22:06.203-05:00 DEBUG 26300 --- [TransactionMS] [reactor-http-nio-3] org.springframework.web.HttpLogging      : [094c416f-2] Encoding [Transaction(id=674d0bcb01c9b26904a5ae16, type=transferencia, amount=200.0, date=2024-12-01T20:22:19. (truncated)...]
2024-12-02T00:22:06.203-05:00 DEBUG 26300 --- [TransactionMS] [reactor-http-nio-3] org.springframework.web.HttpLogging      : [094c416f-2] Encoding [Transaction(id=674d0bd401c9b26904a5ae17, type=transferencia, amount=200.0, date=2024-12-01T20:22:28. (truncated)...]
2024-12-02T00:22:06.203-05:00 DEBUG 26300 --- [TransactionMS] [reactor-http-nio-3] org.springframework.web.HttpLogging      : [094c416f-2] Encoding [Transaction(id=674d0d89102d0115982e3564, type=deposito, amount=100.0, date=2024-12-01T20:29:45.448,  (truncated)...]
2024-12-02T00:22:06.204-05:00 DEBUG 26300 --- [TransactionMS] [reactor-http-nio-3] org.springframework.web.HttpLogging      : [094c416f-2] Encoding [Transaction(id=674d0d8c102d0115982e3565, type=retiro, amount=500.0, date=2024-12-01T20:29:48.617, so (truncated)...]
2024-12-02T00:22:06.204-05:00 DEBUG 26300 --- [TransactionMS] [reactor-http-nio-3] org.springframework.web.HttpLogging      : [094c416f-2] Encoding [Transaction(id=674d0f9a922859448360f963, type=transferencia, amount=200.0, date=2024-12-01T20:38:34. (truncated)...]
2024-12-02T00:22:06.204-05:00 DEBUG 26300 --- [TransactionMS] [reactor-http-nio-3] org.springframework.web.HttpLogging      : [094c416f-2] Encoding [Transaction(id=674d173c96a1121b48a03e45, type=deposito, amount=100.0, date=2024-12-01T21:11:08.059,  (truncated)...]
2024-12-02T00:22:06.204-05:00 DEBUG 26300 --- [TransactionMS] [reactor-http-nio-3] org.springframework.web.HttpLogging      : [094c416f-2] Encoding [Transaction(id=674d1761e692ac614a8ff4ec, type=retiro, amount=500.0, date=2024-12-01T21:11:45.686, so (truncated)...]
2024-12-02T00:22:06.204-05:00 DEBUG 26300 --- [TransactionMS] [reactor-http-nio-3] org.springframework.web.HttpLogging      : [094c416f-2] Encoding [Transaction(id=674d1766e692ac614a8ff4ed, type=transferencia, amount=200.0, date=2024-12-01T21:11:50. (truncated)...]
2024-12-02T00:22:06.205-05:00 DEBUG 26300 --- [TransactionMS] [reactor-http-nio-3] org.springframework.web.HttpLogging      : [094c416f-2] Encoding [Transaction(id=674d3552377ac258232cf10d, type=deposit, amount=100.0, date=2024-12-01T23:19:30.608, s (truncated)...]
2024-12-02T00:22:06.205-05:00 DEBUG 26300 --- [TransactionMS] [reactor-http-nio-3] org.springframework.web.HttpLogging      : [094c416f-2] Encoding [Transaction(id=674d367a377ac258232cf10e, type=deposit, amount=50.0, date=2024-12-01T23:24:26.019, so (truncated)...]
2024-12-02T00:22:06.205-05:00 DEBUG 26300 --- [TransactionMS] [reactor-http-nio-3] org.springframework.web.HttpLogging      : [094c416f-2] Encoding [Transaction(id=674d43fa881c184bed4473f4, type=deposit, amount=50.0, date=2024-12-02T00:22:02.212, so (truncated)...]
2024-12-02T00:22:06.207-05:00 DEBUG 26300 --- [TransactionMS] [reactor-http-nio-3] o.s.w.s.adapter.HttpWebHandlerAdapter    : [094c416f-2] Completed 200 OK
